[20-Apr-2022 13:46:34 UTC] PHP Deprecated:  class-http.php is <strong>deprecated</strong> since version 5.9.0! Use wp-includes/class-wp-http.php instead. in C:\xampp\htdocs\nocb\wp-includes\functions.php on line 5513
[22-Apr-2022 11:02:58 UTC] PHP Deprecated:  class-http.php is <strong>deprecated</strong> since version 5.9.0! Use wp-includes/class-wp-http.php instead. in C:\xampp\htdocs\nocb\wp-includes\functions.php on line 5513
[22-Apr-2022 11:04:14 UTC] PHP Deprecated:  class-http.php is <strong>deprecated</strong> since version 5.9.0! Use wp-includes/class-wp-http.php instead. in C:\xampp\htdocs\nocb\wp-includes\functions.php on line 5513
[22-Apr-2022 11:04:23 UTC] PHP Deprecated:  class-http.php is <strong>deprecated</strong> since version 5.9.0! Use wp-includes/class-wp-http.php instead. in C:\xampp\htdocs\nocb\wp-includes\functions.php on line 5513
[22-Apr-2022 11:04:33 UTC] PHP Deprecated:  class-http.php is <strong>deprecated</strong> since version 5.9.0! Use wp-includes/class-wp-http.php instead. in C:\xampp\htdocs\nocb\wp-includes\functions.php on line 5513
[22-Apr-2022 11:06:33 UTC] PHP Deprecated:  class-http.php is <strong>deprecated</strong> since version 5.9.0! Use wp-includes/class-wp-http.php instead. in C:\xampp\htdocs\nocb\wp-includes\functions.php on line 5513
[22-Apr-2022 11:07:04 UTC] PHP Deprecated:  class-http.php is <strong>deprecated</strong> since version 5.9.0! Use wp-includes/class-wp-http.php instead. in C:\xampp\htdocs\nocb\wp-includes\functions.php on line 5513
[22-Apr-2022 11:07:07 UTC] PHP Deprecated:  class-http.php is <strong>deprecated</strong> since version 5.9.0! Use wp-includes/class-wp-http.php instead. in C:\xampp\htdocs\nocb\wp-includes\functions.php on line 5513
[22-Apr-2022 11:07:09 UTC] PHP Deprecated:  class-http.php is <strong>deprecated</strong> since version 5.9.0! Use wp-includes/class-wp-http.php instead. in C:\xampp\htdocs\nocb\wp-includes\functions.php on line 5513
[22-Apr-2022 11:07:17 UTC] PHP Deprecated:  class-http.php is <strong>deprecated</strong> since version 5.9.0! Use wp-includes/class-wp-http.php instead. in C:\xampp\htdocs\nocb\wp-includes\functions.php on line 5513
[22-Apr-2022 11:07:24 UTC] PHP Deprecated:  class-http.php is <strong>deprecated</strong> since version 5.9.0! Use wp-includes/class-wp-http.php instead. in C:\xampp\htdocs\nocb\wp-includes\functions.php on line 5513
[22-Apr-2022 11:07:26 UTC] PHP Deprecated:  class-http.php is <strong>deprecated</strong> since version 5.9.0! Use wp-includes/class-wp-http.php instead. in C:\xampp\htdocs\nocb\wp-includes\functions.php on line 5513
[22-Apr-2022 11:07:50 UTC] PHP Deprecated:  class-http.php is <strong>deprecated</strong> since version 5.9.0! Use wp-includes/class-wp-http.php instead. in C:\xampp\htdocs\nocb\wp-includes\functions.php on line 5513
[22-Apr-2022 11:07:51 UTC] PHP Notice:  Undefined property: WP_Object_Cache::$memcache_active in C:\xampp\htdocs\nocb\wp-includes\class-wp-object-cache.php on line 93
[22-Apr-2022 11:07:56 UTC] PHP Notice:  Undefined index: login_duration in C:\xampp\htdocs\nocb\wp-content\plugins\tdc-paywall-psa\tdc-paywall.php on line 2037
[22-Apr-2022 11:07:56 UTC] auditor:event=wp_login {"user_id":5994,"blog_id":1,"event":"wp_login","current_user_id":0,"remote_addr":"::1"}
[22-Apr-2022 11:07:57 UTC] PHP Deprecated:  class-http.php is <strong>deprecated</strong> since version 5.9.0! Use wp-includes/class-wp-http.php instead. in C:\xampp\htdocs\nocb\wp-includes\functions.php on line 5513
[22-Apr-2022 11:08:27 UTC] WordPress database error Table 'search.feed' doesn't exist for query select count(*) as cnt,db from search.feed  where db = 'nocb' group by db order by db made by wp_dashboard, do_meta_boxes, tdc_solr_monitoring_widgets->tdc_solr_queue_widget_content
[22-Apr-2022 11:08:51 UTC] PHP Deprecated:  class-http.php is <strong>deprecated</strong> since version 5.9.0! Use wp-includes/class-wp-http.php instead. in C:\xampp\htdocs\nocb\wp-includes\functions.php on line 5513
[22-Apr-2022 11:09:04 UTC] PHP Deprecated:  class-http.php is <strong>deprecated</strong> since version 5.9.0! Use wp-includes/class-wp-http.php instead. in C:\xampp\htdocs\nocb\wp-includes\functions.php on line 5513
[22-Apr-2022 11:09:06 UTC] PHP Deprecated:  class-http.php is <strong>deprecated</strong> since version 5.9.0! Use wp-includes/class-wp-http.php instead. in C:\xampp\htdocs\nocb\wp-includes\functions.php on line 5513
[22-Apr-2022 11:09:18 UTC] auditor:event=upgrader_process_complete_plugin {"action":"update","type":"plugin","bulk":true,"plugin":"co-authors-plus/co-authors-plus.php","blog_id":1,"event":"upgrader_process_complete_plugin","current_user_id":5994,"remote_addr":"::1"}
[22-Apr-2022 11:09:18 UTC] auditor:event=upgrader_process_complete_plugin {"action":"update","type":"plugin","bulk":true,"plugin":"revisionary/revisionary.php","blog_id":1,"event":"upgrader_process_complete_plugin","current_user_id":5994,"remote_addr":"::1"}
[22-Apr-2022 11:09:18 UTC] auditor:event=upgrader_process_complete_plugin {"action":"update","type":"plugin","bulk":true,"plugin":"js_composer/js_composer.php","blog_id":1,"event":"upgrader_process_complete_plugin","current_user_id":5994,"remote_addr":"::1"}
[22-Apr-2022 11:09:38 UTC] PHP Deprecated:  class-http.php is <strong>deprecated</strong> since version 5.9.0! Use wp-includes/class-wp-http.php instead. in C:\xampp\htdocs\nocb\wp-includes\functions.php on line 5513
[22-Apr-2022 11:09:47 UTC] PHP Deprecated:  class-http.php is <strong>deprecated</strong> since version 5.9.0! Use wp-includes/class-wp-http.php instead. in C:\xampp\htdocs\nocb\wp-includes\functions.php on line 5513
[22-Apr-2022 11:10:43 UTC] PHP Deprecated:  class-http.php is <strong>deprecated</strong> since version 5.9.0! Use wp-includes/class-wp-http.php instead. in C:\xampp\htdocs\nocb\wp-includes\functions.php on line 5513
[22-Apr-2022 11:11:14 UTC] WordPress database error Table 'search.feed' doesn't exist for query INSERT INTO search.feed (db, blog, post, action) VALUES ('nocb',  1,  209579, 'add') made by do_action('wp_ajax_acf/ajax/upgrade'), WP_Hook->do_action, WP_Hook->apply_filters, ACF_Ajax->request, ACF_Ajax_Upgrade->get_response, acf_upgrade_all, acf_upgrade_500, acf_upgrade_500_field_groups, acf_upgrade_500_field_group, acf_update_field_group, wp_insert_post, do_action('save_post'), WP_Hook->do_action, WP_Hook->apply_filters, tdc_solr_feed
[22-Apr-2022 11:11:43 UTC] PHP Deprecated:  class-http.php is <strong>deprecated</strong> since version 5.9.0! Use wp-includes/class-wp-http.php instead. in C:\xampp\htdocs\nocb\wp-includes\functions.php on line 5513
[22-Apr-2022 11:12:44 UTC] PHP Deprecated:  class-http.php is <strong>deprecated</strong> since version 5.9.0! Use wp-includes/class-wp-http.php instead. in C:\xampp\htdocs\nocb\wp-includes\functions.php on line 5513
[22-Apr-2022 11:14:15 UTC] PHP Deprecated:  class-http.php is <strong>deprecated</strong> since version 5.9.0! Use wp-includes/class-wp-http.php instead. in C:\xampp\htdocs\nocb\wp-includes\functions.php on line 5513
[22-Apr-2022 11:14:27 UTC] WordPress database error Table 'search.feed' doesn't exist for query INSERT INTO search.feed (db, blog, post, action) VALUES ('nocb',  1,  209580, 'add') made by do_action('wp_ajax_acf/ajax/upgrade'), WP_Hook->do_action, WP_Hook->apply_filters, ACF_Ajax->request, ACF_Ajax_Upgrade->get_response, acf_upgrade_all, acf_upgrade_500, acf_upgrade_500_field_groups, acf_upgrade_500_field_group, acf_upgrade_500_fields, acf_upgrade_500_field, acf_update_field, wp_insert_post, do_action('save_post'), WP_Hook->do_action, WP_Hook->apply_filters, tdc_solr_feed
[22-Apr-2022 11:15:15 UTC] PHP Deprecated:  class-http.php is <strong>deprecated</strong> since version 5.9.0! Use wp-includes/class-wp-http.php instead. in C:\xampp\htdocs\nocb\wp-includes\functions.php on line 5513
[22-Apr-2022 11:17:13 UTC] WordPress database error Table 'search.feed' doesn't exist for query INSERT INTO search.feed (db, blog, post, action) VALUES ('nocb',  1,  209581, 'add') made by do_action('wp_ajax_acf/ajax/upgrade'), WP_Hook->do_action, WP_Hook->apply_filters, ACF_Ajax->request, ACF_Ajax_Upgrade->get_response, acf_upgrade_all, acf_upgrade_500, acf_upgrade_500_field_groups, acf_upgrade_500_field_group, acf_update_field_group, wp_insert_post, do_action('save_post'), WP_Hook->do_action, WP_Hook->apply_filters, tdc_solr_feed
[22-Apr-2022 11:17:15 UTC] PHP Deprecated:  class-http.php is <strong>deprecated</strong> since version 5.9.0! Use wp-includes/class-wp-http.php instead. in C:\xampp\htdocs\nocb\wp-includes\functions.php on line 5513
[22-Apr-2022 11:19:16 UTC] PHP Deprecated:  class-http.php is <strong>deprecated</strong> since version 5.9.0! Use wp-includes/class-wp-http.php instead. in C:\xampp\htdocs\nocb\wp-includes\functions.php on line 5513
[22-Apr-2022 11:20:04 UTC] PHP Fatal error:  Maximum execution time of 600 seconds exceeded in C:\xampp\htdocs\nocb\wp-includes\wp-db.php on line 2162
[22-Apr-2022 11:21:14 UTC] PHP Deprecated:  class-http.php is <strong>deprecated</strong> since version 5.9.0! Use wp-includes/class-wp-http.php instead. in C:\xampp\htdocs\nocb\wp-includes\functions.php on line 5513
[22-Apr-2022 11:23:14 UTC] PHP Deprecated:  class-http.php is <strong>deprecated</strong> since version 5.9.0! Use wp-includes/class-wp-http.php instead. in C:\xampp\htdocs\nocb\wp-includes\functions.php on line 5513
[22-Apr-2022 11:42:17 UTC] PHP Deprecated:  class-http.php is <strong>deprecated</strong> since version 5.9.0! Use wp-includes/class-wp-http.php instead. in C:\xampp\htdocs\nocb\wp-includes\functions.php on line 5513
[22-Apr-2022 11:42:24 UTC] PHP Deprecated:  class-http.php is <strong>deprecated</strong> since version 5.9.0! Use wp-includes/class-wp-http.php instead. in C:\xampp\htdocs\nocb\wp-includes\functions.php on line 5513
[22-Apr-2022 11:43:19 UTC] PHP Deprecated:  class-http.php is <strong>deprecated</strong> since version 5.9.0! Use wp-includes/class-wp-http.php instead. in C:\xampp\htdocs\nocb\wp-includes\functions.php on line 5513
[22-Apr-2022 11:43:49 UTC] WordPress database error Table 'search.feed' doesn't exist for query INSERT INTO search.feed (db, blog, post, action) VALUES ('nocb',  1,  209583, 'add') made by do_action('wp_ajax_acf/ajax/upgrade'), WP_Hook->do_action, WP_Hook->apply_filters, ACF_Ajax->request, ACF_Ajax_Upgrade->get_response, acf_upgrade_all, acf_upgrade_500, acf_upgrade_500_field_groups, acf_upgrade_500_field_group, acf_update_field_group, wp_insert_post, do_action('save_post'), WP_Hook->do_action, WP_Hook->apply_filters, tdc_solr_feed
[22-Apr-2022 11:44:18 UTC] PHP Deprecated:  class-http.php is <strong>deprecated</strong> since version 5.9.0! Use wp-includes/class-wp-http.php instead. in C:\xampp\htdocs\nocb\wp-includes\functions.php on line 5513
[22-Apr-2022 11:45:18 UTC] PHP Deprecated:  class-http.php is <strong>deprecated</strong> since version 5.9.0! Use wp-includes/class-wp-http.php instead. in C:\xampp\htdocs\nocb\wp-includes\functions.php on line 5513
[22-Apr-2022 11:46:18 UTC] PHP Deprecated:  class-http.php is <strong>deprecated</strong> since version 5.9.0! Use wp-includes/class-wp-http.php instead. in C:\xampp\htdocs\nocb\wp-includes\functions.php on line 5513
[22-Apr-2022 11:46:34 UTC] WordPress database error Table 'search.feed' doesn't exist for query INSERT INTO search.feed (db, blog, post, action) VALUES ('nocb',  1,  209584, 'add') made by do_action('wp_ajax_acf/ajax/upgrade'), WP_Hook->do_action, WP_Hook->apply_filters, ACF_Ajax->request, ACF_Ajax_Upgrade->get_response, acf_upgrade_all, acf_upgrade_500, acf_upgrade_500_field_groups, acf_upgrade_500_field_group, acf_upgrade_500_fields, acf_upgrade_500_field, acf_update_field, wp_insert_post, do_action('save_post'), WP_Hook->do_action, WP_Hook->apply_filters, tdc_solr_feed
[22-Apr-2022 11:47:18 UTC] PHP Deprecated:  class-http.php is <strong>deprecated</strong> since version 5.9.0! Use wp-includes/class-wp-http.php instead. in C:\xampp\htdocs\nocb\wp-includes\functions.php on line 5513
[22-Apr-2022 11:48:19 UTC] PHP Deprecated:  class-http.php is <strong>deprecated</strong> since version 5.9.0! Use wp-includes/class-wp-http.php instead. in C:\xampp\htdocs\nocb\wp-includes\functions.php on line 5513
[22-Apr-2022 11:49:18 UTC] PHP Deprecated:  class-http.php is <strong>deprecated</strong> since version 5.9.0! Use wp-includes/class-wp-http.php instead. in C:\xampp\htdocs\nocb\wp-includes\functions.php on line 5513
[22-Apr-2022 11:49:19 UTC] WordPress database error Table 'search.feed' doesn't exist for query INSERT INTO search.feed (db, blog, post, action) VALUES ('nocb',  1,  209585, 'add') made by do_action('wp_ajax_acf/ajax/upgrade'), WP_Hook->do_action, WP_Hook->apply_filters, ACF_Ajax->request, ACF_Ajax_Upgrade->get_response, acf_upgrade_all, acf_upgrade_500, acf_upgrade_500_field_groups, acf_upgrade_500_field_group, acf_update_field_group, wp_insert_post, do_action('save_post'), WP_Hook->do_action, WP_Hook->apply_filters, tdc_solr_feed
[22-Apr-2022 11:50:18 UTC] PHP Deprecated:  class-http.php is <strong>deprecated</strong> since version 5.9.0! Use wp-includes/class-wp-http.php instead. in C:\xampp\htdocs\nocb\wp-includes\functions.php on line 5513
[22-Apr-2022 11:51:18 UTC] PHP Deprecated:  class-http.php is <strong>deprecated</strong> since version 5.9.0! Use wp-includes/class-wp-http.php instead. in C:\xampp\htdocs\nocb\wp-includes\functions.php on line 5513
[22-Apr-2022 11:52:08 UTC] WordPress database error Table 'search.feed' doesn't exist for query INSERT INTO search.feed (db, blog, post, action) VALUES ('nocb',  1,  209586, 'add') made by do_action('wp_ajax_acf/ajax/upgrade'), WP_Hook->do_action, WP_Hook->apply_filters, ACF_Ajax->request, ACF_Ajax_Upgrade->get_response, acf_upgrade_all, acf_upgrade_500, acf_upgrade_500_field_groups, acf_upgrade_500_field_group, acf_upgrade_500_fields, acf_upgrade_500_field, acf_update_field, wp_insert_post, do_action('save_post'), WP_Hook->do_action, WP_Hook->apply_filters, tdc_solr_feed
[22-Apr-2022 11:53:18 UTC] PHP Deprecated:  class-http.php is <strong>deprecated</strong> since version 5.9.0! Use wp-includes/class-wp-http.php instead. in C:\xampp\htdocs\nocb\wp-includes\functions.php on line 5513
[22-Apr-2022 11:53:30 UTC] PHP Fatal error:  Maximum execution time of 600 seconds exceeded in C:\xampp\htdocs\nocb\wp-includes\wp-db.php on line 2162
[22-Apr-2022 11:55:18 UTC] PHP Deprecated:  class-http.php is <strong>deprecated</strong> since version 5.9.0! Use wp-includes/class-wp-http.php instead. in C:\xampp\htdocs\nocb\wp-includes\functions.php on line 5513
[22-Apr-2022 11:56:17 UTC] PHP Deprecated:  class-http.php is <strong>deprecated</strong> since version 5.9.0! Use wp-includes/class-wp-http.php instead. in C:\xampp\htdocs\nocb\wp-includes\functions.php on line 5513
[22-Apr-2022 11:57:17 UTC] PHP Deprecated:  class-http.php is <strong>deprecated</strong> since version 5.9.0! Use wp-includes/class-wp-http.php instead. in C:\xampp\htdocs\nocb\wp-includes\functions.php on line 5513
[22-Apr-2022 11:58:17 UTC] PHP Deprecated:  class-http.php is <strong>deprecated</strong> since version 5.9.0! Use wp-includes/class-wp-http.php instead. in C:\xampp\htdocs\nocb\wp-includes\functions.php on line 5513
[22-Apr-2022 11:59:17 UTC] PHP Deprecated:  class-http.php is <strong>deprecated</strong> since version 5.9.0! Use wp-includes/class-wp-http.php instead. in C:\xampp\htdocs\nocb\wp-includes\functions.php on line 5513
[22-Apr-2022 12:00:17 UTC] PHP Deprecated:  class-http.php is <strong>deprecated</strong> since version 5.9.0! Use wp-includes/class-wp-http.php instead. in C:\xampp\htdocs\nocb\wp-includes\functions.php on line 5513
[22-Apr-2022 12:01:17 UTC] PHP Deprecated:  class-http.php is <strong>deprecated</strong> since version 5.9.0! Use wp-includes/class-wp-http.php instead. in C:\xampp\htdocs\nocb\wp-includes\functions.php on line 5513
[22-Apr-2022 12:02:17 UTC] PHP Deprecated:  class-http.php is <strong>deprecated</strong> since version 5.9.0! Use wp-includes/class-wp-http.php instead. in C:\xampp\htdocs\nocb\wp-includes\functions.php on line 5513
[22-Apr-2022 12:03:17 UTC] PHP Deprecated:  class-http.php is <strong>deprecated</strong> since version 5.9.0! Use wp-includes/class-wp-http.php instead. in C:\xampp\htdocs\nocb\wp-includes\functions.php on line 5513
[22-Apr-2022 12:04:17 UTC] PHP Deprecated:  class-http.php is <strong>deprecated</strong> since version 5.9.0! Use wp-includes/class-wp-http.php instead. in C:\xampp\htdocs\nocb\wp-includes\functions.php on line 5513
[22-Apr-2022 12:05:18 UTC] PHP Deprecated:  class-http.php is <strong>deprecated</strong> since version 5.9.0! Use wp-includes/class-wp-http.php instead. in C:\xampp\htdocs\nocb\wp-includes\functions.php on line 5513
[22-Apr-2022 12:06:17 UTC] PHP Deprecated:  class-http.php is <strong>deprecated</strong> since version 5.9.0! Use wp-includes/class-wp-http.php instead. in C:\xampp\htdocs\nocb\wp-includes\functions.php on line 5513
[22-Apr-2022 12:07:17 UTC] PHP Deprecated:  class-http.php is <strong>deprecated</strong> since version 5.9.0! Use wp-includes/class-wp-http.php instead. in C:\xampp\htdocs\nocb\wp-includes\functions.php on line 5513
[22-Apr-2022 12:08:18 UTC] PHP Deprecated:  class-http.php is <strong>deprecated</strong> since version 5.9.0! Use wp-includes/class-wp-http.php instead. in C:\xampp\htdocs\nocb\wp-includes\functions.php on line 5513
[22-Apr-2022 12:09:19 UTC] PHP Deprecated:  class-http.php is <strong>deprecated</strong> since version 5.9.0! Use wp-includes/class-wp-http.php instead. in C:\xampp\htdocs\nocb\wp-includes\functions.php on line 5513
[22-Apr-2022 12:11:20 UTC] PHP Deprecated:  class-http.php is <strong>deprecated</strong> since version 5.9.0! Use wp-includes/class-wp-http.php instead. in C:\xampp\htdocs\nocb\wp-includes\functions.php on line 5513
[22-Apr-2022 12:13:21 UTC] PHP Deprecated:  class-http.php is <strong>deprecated</strong> since version 5.9.0! Use wp-includes/class-wp-http.php instead. in C:\xampp\htdocs\nocb\wp-includes\functions.php on line 5513
[22-Apr-2022 12:15:23 UTC] PHP Deprecated:  class-http.php is <strong>deprecated</strong> since version 5.9.0! Use wp-includes/class-wp-http.php instead. in C:\xampp\htdocs\nocb\wp-includes\functions.php on line 5513
[22-Apr-2022 12:17:23 UTC] PHP Deprecated:  class-http.php is <strong>deprecated</strong> since version 5.9.0! Use wp-includes/class-wp-http.php instead. in C:\xampp\htdocs\nocb\wp-includes\functions.php on line 5513
[22-Apr-2022 12:22:03 UTC] PHP Deprecated:  class-http.php is <strong>deprecated</strong> since version 5.9.0! Use wp-includes/class-wp-http.php instead. in C:\xampp\htdocs\nocb\wp-includes\functions.php on line 5513
[22-Apr-2022 12:22:07 UTC] PHP Deprecated:  class-http.php is <strong>deprecated</strong> since version 5.9.0! Use wp-includes/class-wp-http.php instead. in C:\xampp\htdocs\nocb\wp-includes\functions.php on line 5513
[22-Apr-2022 12:22:22 UTC] PHP Deprecated:  class-http.php is <strong>deprecated</strong> since version 5.9.0! Use wp-includes/class-wp-http.php instead. in C:\xampp\htdocs\nocb\wp-includes\functions.php on line 5513
[22-Apr-2022 12:23:21 UTC] PHP Deprecated:  class-http.php is <strong>deprecated</strong> since version 5.9.0! Use wp-includes/class-wp-http.php instead. in C:\xampp\htdocs\nocb\wp-includes\functions.php on line 5513
[22-Apr-2022 12:23:47 UTC] PHP Deprecated:  class-http.php is <strong>deprecated</strong> since version 5.9.0! Use wp-includes/class-wp-http.php instead. in C:\xampp\htdocs\nocb\wp-includes\functions.php on line 5513
[22-Apr-2022 12:25:21 UTC] PHP Deprecated:  class-http.php is <strong>deprecated</strong> since version 5.9.0! Use wp-includes/class-wp-http.php instead. in C:\xampp\htdocs\nocb\wp-includes\functions.php on line 5513
[22-Apr-2022 12:27:22 UTC] PHP Deprecated:  class-http.php is <strong>deprecated</strong> since version 5.9.0! Use wp-includes/class-wp-http.php instead. in C:\xampp\htdocs\nocb\wp-includes\functions.php on line 5513
[22-Apr-2022 12:29:24 UTC] PHP Deprecated:  class-http.php is <strong>deprecated</strong> since version 5.9.0! Use wp-includes/class-wp-http.php instead. in C:\xampp\htdocs\nocb\wp-includes\functions.php on line 5513
[22-Apr-2022 12:30:03 UTC] PHP Deprecated:  class-http.php is <strong>deprecated</strong> since version 5.9.0! Use wp-includes/class-wp-http.php instead. in C:\xampp\htdocs\nocb\wp-includes\functions.php on line 5513
[22-Apr-2022 12:30:25 UTC] PHP Deprecated:  class-http.php is <strong>deprecated</strong> since version 5.9.0! Use wp-includes/class-wp-http.php instead. in C:\xampp\htdocs\nocb\wp-includes\functions.php on line 5513
[22-Apr-2022 12:31:48 UTC] PHP Deprecated:  class-http.php is <strong>deprecated</strong> since version 5.9.0! Use wp-includes/class-wp-http.php instead. in C:\xampp\htdocs\nocb\wp-includes\functions.php on line 5513
[22-Apr-2022 12:32:09 UTC] PHP Deprecated:  class-http.php is <strong>deprecated</strong> since version 5.9.0! Use wp-includes/class-wp-http.php instead. in C:\xampp\htdocs\nocb\wp-includes\functions.php on line 5513
[22-Apr-2022 12:32:09 UTC] PHP Deprecated:  class-http.php is <strong>deprecated</strong> since version 5.9.0! Use wp-includes/class-wp-http.php instead. in C:\xampp\htdocs\nocb\wp-includes\functions.php on line 5513
[22-Apr-2022 12:32:31 UTC] PHP Deprecated:  class-http.php is <strong>deprecated</strong> since version 5.9.0! Use wp-includes/class-wp-http.php instead. in C:\xampp\htdocs\nocb\wp-includes\functions.php on line 5513
[22-Apr-2022 12:33:22 UTC] PHP Deprecated:  class-http.php is <strong>deprecated</strong> since version 5.9.0! Use wp-includes/class-wp-http.php instead. in C:\xampp\htdocs\nocb\wp-includes\functions.php on line 5513
[22-Apr-2022 12:33:50 UTC] PHP Deprecated:  class-http.php is <strong>deprecated</strong> since version 5.9.0! Use wp-includes/class-wp-http.php instead. in C:\xampp\htdocs\nocb\wp-includes\functions.php on line 5513
[22-Apr-2022 12:34:01 UTC] PHP Deprecated:  class-http.php is <strong>deprecated</strong> since version 5.9.0! Use wp-includes/class-wp-http.php instead. in C:\xampp\htdocs\nocb\wp-includes\functions.php on line 5513
[22-Apr-2022 12:35:05 UTC] PHP Deprecated:  class-http.php is <strong>deprecated</strong> since version 5.9.0! Use wp-includes/class-wp-http.php instead. in C:\xampp\htdocs\nocb\wp-includes\functions.php on line 5513
[22-Apr-2022 12:37:05 UTC] PHP Deprecated:  class-http.php is <strong>deprecated</strong> since version 5.9.0! Use wp-includes/class-wp-http.php instead. in C:\xampp\htdocs\nocb\wp-includes\functions.php on line 5513
[22-Apr-2022 12:39:06 UTC] PHP Deprecated:  class-http.php is <strong>deprecated</strong> since version 5.9.0! Use wp-includes/class-wp-http.php instead. in C:\xampp\htdocs\nocb\wp-includes\functions.php on line 5513
[22-Apr-2022 12:41:08 UTC] PHP Deprecated:  class-http.php is <strong>deprecated</strong> since version 5.9.0! Use wp-includes/class-wp-http.php instead. in C:\xampp\htdocs\nocb\wp-includes\functions.php on line 5513
[22-Apr-2022 12:43:08 UTC] PHP Deprecated:  class-http.php is <strong>deprecated</strong> since version 5.9.0! Use wp-includes/class-wp-http.php instead. in C:\xampp\htdocs\nocb\wp-includes\functions.php on line 5513
[22-Apr-2022 12:45:09 UTC] PHP Deprecated:  class-http.php is <strong>deprecated</strong> since version 5.9.0! Use wp-includes/class-wp-http.php instead. in C:\xampp\htdocs\nocb\wp-includes\functions.php on line 5513
[22-Apr-2022 12:47:04 UTC] PHP Deprecated:  class-http.php is <strong>deprecated</strong> since version 5.9.0! Use wp-includes/class-wp-http.php instead. in C:\xampp\htdocs\nocb\wp-includes\functions.php on line 5513
[22-Apr-2022 12:47:07 UTC] PHP Deprecated:  class-http.php is <strong>deprecated</strong> since version 5.9.0! Use wp-includes/class-wp-http.php instead. in C:\xampp\htdocs\nocb\wp-includes\functions.php on line 5513
[22-Apr-2022 12:48:24 UTC] PHP Deprecated:  class-http.php is <strong>deprecated</strong> since version 5.9.0! Use wp-includes/class-wp-http.php instead. in C:\xampp\htdocs\nocb\wp-includes\functions.php on line 5513
[22-Apr-2022 12:49:04 UTC] PHP Deprecated:  class-http.php is <strong>deprecated</strong> since version 5.9.0! Use wp-includes/class-wp-http.php instead. in C:\xampp\htdocs\nocb\wp-includes\functions.php on line 5513
[22-Apr-2022 12:51:05 UTC] PHP Deprecated:  class-http.php is <strong>deprecated</strong> since version 5.9.0! Use wp-includes/class-wp-http.php instead. in C:\xampp\htdocs\nocb\wp-includes\functions.php on line 5513
[22-Apr-2022 12:53:07 UTC] PHP Deprecated:  class-http.php is <strong>deprecated</strong> since version 5.9.0! Use wp-includes/class-wp-http.php instead. in C:\xampp\htdocs\nocb\wp-includes\functions.php on line 5513
[22-Apr-2022 12:55:07 UTC] PHP Deprecated:  class-http.php is <strong>deprecated</strong> since version 5.9.0! Use wp-includes/class-wp-http.php instead. in C:\xampp\htdocs\nocb\wp-includes\functions.php on line 5513
[22-Apr-2022 13:03:42 UTC] PHP Deprecated:  class-http.php is <strong>deprecated</strong> since version 5.9.0! Use wp-includes/class-wp-http.php instead. in C:\xampp\htdocs\nocb\wp-includes\functions.php on line 5513
[22-Apr-2022 13:04:19 UTC] PHP Deprecated:  class-http.php is <strong>deprecated</strong> since version 5.9.0! Use wp-includes/class-wp-http.php instead. in C:\xampp\htdocs\nocb\wp-includes\functions.php on line 5513
[22-Apr-2022 13:04:26 UTC] PHP Deprecated:  class-http.php is <strong>deprecated</strong> since version 5.9.0! Use wp-includes/class-wp-http.php instead. in C:\xampp\htdocs\nocb\wp-includes\functions.php on line 5513
[22-Apr-2022 13:05:25 UTC] PHP Deprecated:  class-http.php is <strong>deprecated</strong> since version 5.9.0! Use wp-includes/class-wp-http.php instead. in C:\xampp\htdocs\nocb\wp-includes\functions.php on line 5513
[22-Apr-2022 13:05:31 UTC] PHP Deprecated:  class-http.php is <strong>deprecated</strong> since version 5.9.0! Use wp-includes/class-wp-http.php instead. in C:\xampp\htdocs\nocb\wp-includes\functions.php on line 5513
[22-Apr-2022 13:06:26 UTC] PHP Deprecated:  class-http.php is <strong>deprecated</strong> since version 5.9.0! Use wp-includes/class-wp-http.php instead. in C:\xampp\htdocs\nocb\wp-includes\functions.php on line 5513
[22-Apr-2022 13:06:46 UTC] PHP Deprecated:  class-http.php is <strong>deprecated</strong> since version 5.9.0! Use wp-includes/class-wp-http.php instead. in C:\xampp\htdocs\nocb\wp-includes\functions.php on line 5513
[22-Apr-2022 13:07:27 UTC] PHP Deprecated:  class-http.php is <strong>deprecated</strong> since version 5.9.0! Use wp-includes/class-wp-http.php instead. in C:\xampp\htdocs\nocb\wp-includes\functions.php on line 5513
[22-Apr-2022 13:08:38 UTC] PHP Deprecated:  class-http.php is <strong>deprecated</strong> since version 5.9.0! Use wp-includes/class-wp-http.php instead. in C:\xampp\htdocs\nocb\wp-includes\functions.php on line 5513
[22-Apr-2022 13:09:06 UTC] PHP Deprecated:  class-http.php is <strong>deprecated</strong> since version 5.9.0! Use wp-includes/class-wp-http.php instead. in C:\xampp\htdocs\nocb\wp-includes\functions.php on line 5513
[22-Apr-2022 13:10:15 UTC] PHP Deprecated:  class-http.php is <strong>deprecated</strong> since version 5.9.0! Use wp-includes/class-wp-http.php instead. in C:\xampp\htdocs\nocb\wp-includes\functions.php on line 5513
[22-Apr-2022 13:11:06 UTC] PHP Deprecated:  class-http.php is <strong>deprecated</strong> since version 5.9.0! Use wp-includes/class-wp-http.php instead. in C:\xampp\htdocs\nocb\wp-includes\functions.php on line 5513
[22-Apr-2022 13:13:08 UTC] PHP Deprecated:  class-http.php is <strong>deprecated</strong> since version 5.9.0! Use wp-includes/class-wp-http.php instead. in C:\xampp\htdocs\nocb\wp-includes\functions.php on line 5513
[22-Apr-2022 13:13:19 UTC] PHP Deprecated:  class-http.php is <strong>deprecated</strong> since version 5.9.0! Use wp-includes/class-wp-http.php instead. in C:\xampp\htdocs\nocb\wp-includes\functions.php on line 5513
[22-Apr-2022 13:13:28 UTC] PHP Deprecated:  class-http.php is <strong>deprecated</strong> since version 5.9.0! Use wp-includes/class-wp-http.php instead. in C:\xampp\htdocs\nocb\wp-includes\functions.php on line 5513
[22-Apr-2022 13:14:13 UTC] PHP Deprecated:  class-http.php is <strong>deprecated</strong> since version 5.9.0! Use wp-includes/class-wp-http.php instead. in C:\xampp\htdocs\nocb\wp-includes\functions.php on line 5513
